#
# A fatal error has been detected by the Java Runtime Environment:
#
#  EXCEPTION_ACCESS_VIOLATION (0xc0000005) at pc=0x000000007672aa30, pid=8200, tid=0x0000000000002590
#
# JRE version: OpenJDK Runtime Environment (8.0_152-b02) (build 1.8.0_152-release-1024-b02)
# Java VM: OpenJDK 64-Bit Server VM (25.152-b02 mixed mode windows-amd64 compressed oops)
# Problematic frame:
# V  [jvm.dll+0x8aa30]
#
# Failed to write core dump. Minidumps are not enabled by default on client versions of Windows
#
# If you would like to submit a bug report, please visit:
#   http://bugreport.java.com/bugreport/crash.jsp
#

---------------  T H R E A D  ---------------

Current thread (0x00000000027d4800):  GCTaskThread [stack: 0x0000000012880000,0x0000000012980000] [id=9616]

siginfo: ExceptionCode=0xc0000005, reading address 0x00000001018b3380

Registers:
RAX=0x0000000000000001, RBX=0x00000000ef013bd8, RCX=0x00000000ef013bd8, RDX=0x00000001018b3378
RSP=0x000000001297f488, RBP=0x0000000011c80e01, RSI=0x00000000028a4b40, RDI=0x00000000a21b4ff0
R8 =0x00000000028a4b40, R9 =0x0000000000000016, R10=0x0000000000000008, R11=0x00000000f566ad08
R12=0x0000000011c80d82, R13=0x000000000000000d, R14=0x0000000000000000, R15=0x00000000027bd690
RIP=0x000000007672aa30, EFLAGS=0x0000000000010206

Top of Stack: (sp=0x000000001297f488)
0x000000001297f488:   0000000076a6cc82 00000000ef013bc0
0x000000001297f498:   0000000000000003 00000000028a4b40
0x000000001297f4a8:   00000000f0965370 00000000f5662d18
0x000000001297f4b8:   0000000000001000 00000000028a4b40
0x000000001297f4c8:   0000000076903961 0000000000000000
0x000000001297f4d8:   00000000028a4b00 0000000011c80d82
0x000000001297f4e8:   0000000076a6cff0 00000000f5669120
0x000000001297f4f8:   0000000011c80e01 00000000028a4b40
0x000000001297f508:   00000000a21b4ff0 00000000f5669120
0x000000001297f518:   0000000076a6db95 00000000eeec9fb8
0x000000001297f528:   0000000011c80e01 00000000028a4b40
0x000000001297f538:   0000000000000005 00000000028a4b40
0x000000001297f548:   0000000076766f20 00000000a13bc5ac
0x000000001297f558:   000000007678f7b0 00000000028a4b40
0x000000001297f568:   000000007678d883 00000000a1eb7565
0x000000001297f578:   00000000a1eb7565 00000000a21b4a90 

Instructions: (pc=0x000000007672aa30)
0x000000007672aa10:   6c 4e 1d 00 48 8b 9c 24 c0 00 00 00 48 81 c4 b0
0x000000007672aa20:   00 00 00 5d c3 cc cc cc cc cc cc cc cc cc cc cc
0x000000007672aa30:   44 8b 42 08 4c 8b ca 45 85 c0 7e 0e 41 f6 c0 01
0x000000007672aa40:   75 57 41 c1 f8 03 41 8b c0 c3 79 4d 80 3d 7e fe 


Register to memory mapping:

RAX=0x0000000000000001 is an unknown value
RBX=0x00000000ef013bd8 is an oop

[error occurred during error reporting (printing register info), id 0xc0000005]

Stack: [0x0000000012880000,0x0000000012980000],  sp=0x000000001297f488,  free space=1021k
Native frames: (J=compiled Java code, j=interpreted, Vv=VM code, C=native code)
V  [jvm.dll+0x8aa30]


---------------  P R O C E S S  ---------------

Java Threads: ( => current thread )
  0x000000001d6de800 JavaThread "pool-6-thread-1" [_thread_blocked, id=10068, stack(0x000000002f030000,0x000000002f130000)]
  0x000000001d6dd800 JavaThread "ForkJoinPool.commonPool-worker-2" daemon [_thread_blocked, id=5600, stack(0x000000002d630000,0x000000002d730000)]
  0x000000001d6e4800 JavaThread "Cache worker for Java compile cache (C:\Users\pmars\Projects\Android\ShadowsOfBrimstoneCompanion\.gradle\4.4\javaCompile)" [_thread_blocked, id=788, stack(0x000000002d530000,0x000000002d630000)]
  0x000000001a514000 JavaThread "Task worker for ':' Thread 7" [_thread_blocked, id=3440, stack(0x000000002bb30000,0x000000002bc30000)]
  0x000000001a512800 JavaThread "Task worker for ':' Thread 6" [_thread_blocked, id=2648, stack(0x000000002ba30000,0x000000002bb30000)]
  0x000000001a513000 JavaThread "Task worker for ':' Thread 5" [_thread_blocked, id=5380, stack(0x000000002b930000,0x000000002ba30000)]
  0x000000001a519000 JavaThread "Task worker for ':' Thread 4" [_thread_blocked, id=2288, stack(0x000000002b830000,0x000000002b930000)]
  0x000000001a516000 JavaThread "Task worker for ':' Thread 3" [_thread_blocked, id=6032, stack(0x000000002b730000,0x000000002b830000)]
  0x000000001a518800 JavaThread "Task worker for ':' Thread 2" [_thread_blocked, id=3728, stack(0x000000002b630000,0x000000002b730000)]
  0x000000001f0a6000 JavaThread "Task worker for ':'" [_thread_blocked, id=9956, stack(0x000000002b530000,0x000000002b630000)]
  0x000000001f0a7800 JavaThread "Cache worker for Build Output Cleanup Cache (C:\Users\pmars\Projects\Android\ShadowsOfBrimstoneCompanion\.gradle\buildOutputCleanup)" [_thread_blocked, id=6584, stack(0x000000002b430000,0x000000002b530000)]
  0x000000001f0a6800 JavaThread "Cache worker for task history cache (C:\Users\pmars\Projects\Android\ShadowsOfBrimstoneCompanion\.gradle\4.4\taskHistory)" [_thread_blocked, id=2244, stack(0x000000002b330000,0x000000002b430000)]
  0x000000001f0a8000 JavaThread "Cache worker for file content cache (C:\Users\pmars\Projects\Android\ShadowsOfBrimstoneCompanion\.gradle\4.4\fileContent)" [_thread_blocked, id=6508, stack(0x000000002b230000,0x000000002b330000)]
  0x000000001f0a5000 JavaThread "build operations Thread 8" [_thread_blocked, id=6260, stack(0x000000002b130000,0x000000002b230000)]
  0x000000001f09d800 JavaThread "build operations Thread 7" [_thread_blocked, id=396, stack(0x000000002b030000,0x000000002b130000)]
  0x000000001f0a4000 JavaThread "build operations Thread 6" [_thread_blocked, id=6884, stack(0x000000002af30000,0x000000002b030000)]
  0x000000001f0a3800 JavaThread "build operations Thread 5" [_thread_blocked, id=7300, stack(0x000000002ae30000,0x000000002af30000)]
  0x000000001f0a2800 JavaThread "build operations Thread 4" [_thread_blocked, id=32, stack(0x000000002ad30000,0x000000002ae30000)]
  0x000000001f09b000 JavaThread "build operations Thread 3" [_thread_blocked, id=6248, stack(0x000000002ac30000,0x000000002ad30000)]
  0x000000001f09f000 JavaThread "build operations Thread 2" [_thread_blocked, id=6188, stack(0x000000002ab30000,0x000000002ac30000)]
  0x000000001f0a2000 JavaThread "build operations" [_thread_blocked, id=5248, stack(0x000000002aa30000,0x000000002ab30000)]
  0x000000001f09e000 JavaThread "Cache worker for Artifact transforms cache (C:\Users\pmars\.gradle\caches\transforms-1)" [_thread_blocked, id=7324, stack(0x000000002a930000,0x000000002aa30000)]
  0x000000001f09a800 JavaThread "Cache worker for file hash cache (C:\Users\pmars\Projects\Android\ShadowsOfBrimstoneCompanion\.gradle\4.4\fileHashes)" [_thread_blocked, id=5872, stack(0x000000002a830000,0x000000002a930000)]
  0x000000001f09f800 JavaThread "Stdin handler" [_thread_blocked, id=7308, stack(0x000000002a730000,0x000000002a830000)]
  0x000000001f0a1000 JavaThread "Asynchronous log dispatcher for DefaultDaemonConnection: socket connection from /127.0.0.1:49943 to /127.0.0.1:49968" [_thread_blocked, id=8332, stack(0x000000002a630000,0x000000002a730000)]
  0x000000001f099000 JavaThread "Cancel handler" [_thread_blocked, id=6280, stack(0x000000002a530000,0x000000002a630000)]
  0x000000001f09c000 JavaThread "Handler for socket connection from /127.0.0.1:49943 to /127.0.0.1:49968" [_thread_in_native, id=4804, stack(0x000000002a430000,0x000000002a530000)]
  0x000000001d6e3800 JavaThread "Memory manager" [_thread_blocked, id=9228, stack(0x0000000022fd0000,0x00000000230d0000)]
  0x000000001d6df000 JavaThread "pool-1-thread-1" [_thread_blocked, id=11444, stack(0x0000000022cd0000,0x0000000022dd0000)]
  0x000000001a8b0000 JavaThread "File lock request listener" [_thread_in_native, id=9856, stack(0x000000001bfa0000,0x000000001c0a0000)]
  0x000000001a8af000 JavaThread "Cache worker for file hash cache (C:\Users\pmars\.gradle\caches\4.4\fileHashes)" [_thread_blocked, id=1964, stack(0x000000001bea0000,0x000000001bfa0000)]
  0x000000001a2a9800 JavaThread "Daemon worker" [_thread_blocked, id=5976, stack(0x000000001b8a0000,0x000000001b9a0000)]
  0x000000001a6f8800 JavaThread "Daemon" [_thread_blocked, id=6472, stack(0x000000001b3a0000,0x000000001b4a0000)]
  0x000000001a435000 JavaThread "Daemon periodic checks" [_thread_blocked, id=3972, stack(0x000000001b2a0000,0x000000001b3a0000)]
  0x000000001a434000 JavaThread "Incoming local TCP Connector on port 49943" [_thread_in_native, id=2404, stack(0x000000001b060000,0x000000001b160000)]
  0x0000000018612800 JavaThread "Service Thread" daemon [_thread_blocked, id=3996, stack(0x0000000019150000,0x0000000019250000)]
  0x000000001667c000 JavaThread "C1 CompilerThread3" daemon [_thread_blocked, id=4092, stack(0x0000000019050000,0x0000000019150000)]
  0x0000000018583800 JavaThread "C2 CompilerThread2" daemon [_thread_blocked, id=1396, stack(0x0000000018f50000,0x0000000019050000)]
  0x0000000018580800 JavaThread "C2 CompilerThread1" daemon [_thread_blocked, id=1536, stack(0x0000000018e50000,0x0000000018f50000)]
  0x000000001857d800 JavaThread "C2 CompilerThread0" daemon [_thread_blocked, id=11368, stack(0x0000000018d50000,0x0000000018e50000)]
  0x000000001857c000 JavaThread "Attach Listener" daemon [_thread_blocked, id=9852, stack(0x0000000018c50000,0x0000000018d50000)]
  0x000000001857b000 JavaThread "Signal Dispatcher" daemon [_thread_blocked, id=3368, stack(0x0000000018b50000,0x0000000018c50000)]
  0x00000000028ae000 JavaThread "Finalizer" daemon [_thread_blocked, id=3968, stack(0x0000000018950000,0x0000000018a50000)]
  0x00000000028a7000 JavaThread "Reference Handler" daemon [_thread_blocked, id=9324, stack(0x0000000018450000,0x0000000018550000)]
  0x00000000026ad800 JavaThread "main" [_thread_blocked, id=1628, stack(0x00000000026b0000,0x00000000027b0000)]

Other Threads:
  0x0000000016665000 VMThread [stack: 0x0000000018350000,0x0000000018450000] [id=5676]
  0x0000000018613800 WatcherThread [stack: 0x0000000019250000,0x0000000019350000] [id=2400]

=>0x00000000027d4800 (exited) GCTaskThread [stack: 0x0000000012880000,0x0000000012980000] [id=9616]

VM state:at safepoint (normal execution)

VM Mutex/Monitor currently owned by a thread:  ([mutex/lock_event])
[0x00000000026ac850] Threads_lock - owner thread: 0x0000000016665000
[0x00000000026ad0d0] Heap_lock - owner thread: 0x000000001d6dd800

Heap:
 PSYoungGen      total 263168K, used 262390K [0x00000000e0000000, 0x00000000f7700000, 0x0000000100000000)
  eden space 222208K, 99% used [0x00000000e0000000,0x00000000ed8410a8,0x00000000ed900000)
  from space 40960K, 99% used [0x00000000ed900000,0x00000000f00fc7f8,0x00000000f0100000)
  to   space 56320K, 78% used [0x00000000f4000000,0x00000000f6b63260,0x00000000f7700000)
 ParOldGen       total 421376K, used 76216K [0x00000000a0000000, 0x00000000b9b80000, 0x00000000e0000000)
  object space 421376K, 18% used [0x00000000a0000000,0x00000000a4a6e2d0,0x00000000b9b80000)
 Metaspace       used 75751K, capacity 78058K, committed 78168K, reserved 1118208K
  class space    used 9536K, capacity 10057K, committed 10112K, reserved 1048576K

Card table byte_map: [0x0000000011c70000,0x0000000011f80000] byte_map_base: 0x0000000011770000

Marking Bits: (ParMarkBitMap*) 0x0000000076e64970
 Begin Bits: [0x0000000012980000, 0x0000000014180000)
 End Bits:   [0x0000000014180000, 0x0000000015980000)

Polling page: 0x0000000000900000

CodeCache: size=245760Kb used=41970Kb max_used=45545Kb free=203789Kb
 bounds [0x00000000028b0000, 0x0000000005590000, 0x00000000118b0000]
 total_blobs=12509 nmethods=11673 adapters=748
 compilation: enabled

Compilation events (10 events):
Event: 61.611 Thread 0x000000001667c000 15061  s    3       com.android.apkzlib.zip.utils.ByteTracker::updateUsage (31 bytes)
Event: 61.612 Thread 0x000000001667c000 nmethod 15061 0x000000000514a990 code [0x000000000514aae0, 0x000000000514adf0]
Event: 61.612 Thread 0x000000001667c000 15063       3       com.android.apkzlib.zip.utils.CloseableDelegateByteSource::openStream (8 bytes)
Event: 61.612 Thread 0x000000001667c000 nmethod 15063 0x0000000004591350 code [0x00000000045914e0, 0x00000000045919f8]
Event: 61.612 Thread 0x000000001667c000 15064       3       com.google.common.io.ByteSource$ByteArrayByteSource::openStream (20 bytes)
Event: 61.612 Thread 0x000000001667c000 nmethod 15064 0x0000000004590f10 code [0x0000000004591080, 0x0000000004591288]
Event: 61.612 Thread 0x000000001667c000 15065       3       com.android.apkzlib.zip.utils.LittleEndianUtils::writeUnsigned4Le (121 bytes)
Event: 61.613 Thread 0x000000001667c000 nmethod 15065 0x0000000004d385d0 code [0x0000000004d38840, 0x0000000004d39748]
Event: 61.613 Thread 0x000000001667c000 15066       3       com.google.common.io.Closer::register (16 bytes)
Event: 61.613 Thread 0x000000001667c000 nmethod 15066 0x00000000035a9ad0 code [0x00000000035a9c40, 0x00000000035a9ea8]

GC Heap History (10 events):
Event: 26.715 GC heap after
Heap after GC invocations=10 (full 2):
 PSYoungGen      total 230400K, used 20913K [0x00000000e0000000, 0x00000000eff80000, 0x0000000100000000)
  eden space 201216K, 0% used [0x00000000e0000000,0x00000000e0000000,0x00000000ec480000)
  from space 29184K, 71% used [0x00000000ee180000,0x00000000ef5ec428,0x00000000efe00000)
  to   space 29696K, 0% used [0x00000000ec480000,0x00000000ec480000,0x00000000ee180000)
 ParOldGen       total 283648K, used 39558K [0x00000000a0000000, 0x00000000b1500000, 0x00000000e0000000)
  object space 283648K, 13% used [0x00000000a0000000,0x00000000a26a18d0,0x00000000b1500000)
 Metaspace       used 57286K, capacity 58906K, committed 58968K, reserved 1099776K
  class space    used 7645K, capacity 8059K, committed 8064K, reserved 1048576K
}
Event: 26.715 GC heap before
{Heap before GC invocations=11 (full 3):
 PSYoungGen      total 230400K, used 20913K [0x00000000e0000000, 0x00000000eff80000, 0x0000000100000000)
  eden space 201216K, 0% used [0x00000000e0000000,0x00000000e0000000,0x00000000ec480000)
  from space 29184K, 71% used [0x00000000ee180000,0x00000000ef5ec428,0x00000000efe00000)
  to   space 29696K, 0% used [0x00000000ec480000,0x00000000ec480000,0x00000000ee180000)
 ParOldGen       total 283648K, used 39558K [0x00000000a0000000, 0x00000000b1500000, 0x00000000e0000000)
  object space 283648K, 13% used [0x00000000a0000000,0x00000000a26a18d0,0x00000000b1500000)
 Metaspace       used 57286K, capacity 58906K, committed 58968K, reserved 1099776K
  class space    used 7645K, capacity 8059K, committed 8064K, reserved 1048576K
Event: 26.893 GC heap after
Heap after GC invocations=11 (full 3):
 PSYoungGen      total 230400K, used 0K [0x00000000e0000000, 0x00000000eff80000, 0x0000000100000000)
  eden space 201216K, 0% used [0x00000000e0000000,0x00000000e0000000,0x00000000ec480000)
  from space 29184K, 0% used [0x00000000ee180000,0x00000000ee180000,0x00000000efe00000)
  to   space 29696K, 0% used [0x00000000ec480000,0x00000000ec480000,0x00000000ee180000)
 ParOldGen       total 421376K, used 33529K [0x00000000a0000000, 0x00000000b9b80000, 0x00000000e0000000)
  object space 421376K, 7% used [0x00000000a0000000,0x00000000a20be6d0,0x00000000b9b80000)
 Metaspace       used 57286K, capacity 58906K, committed 58968K, reserved 1099776K
  class space    used 7645K, capacity 8059K, committed 8064K, reserved 1048576K
}
Event: 51.430 GC heap before
{Heap before GC invocations=12 (full 3):
 PSYoungGen      total 230400K, used 201216K [0x00000000e0000000, 0x00000000eff80000, 0x0000000100000000)
  eden space 201216K, 100% used [0x00000000e0000000,0x00000000ec480000,0x00000000ec480000)
  from space 29184K, 0% used [0x00000000ee180000,0x00000000ee180000,0x00000000efe00000)
  to   space 29696K, 0% used [0x00000000ec480000,0x00000000ec480000,0x00000000ee180000)
 ParOldGen       total 421376K, used 33529K [0x00000000a0000000, 0x00000000b9b80000, 0x00000000e0000000)
  object space 421376K, 7% used [0x00000000a0000000,0x00000000a20be6d0,0x00000000b9b80000)
 Metaspace       used 64305K, capacity 66484K, committed 66520K, reserved 1107968K
  class space    used 8423K, capacity 8936K, committed 8960K, reserved 1048576K
Event: 51.449 GC heap after
Heap after GC invocations=12 (full 3):
 PSYoungGen      total 230912K, used 23392K [0x00000000e0000000, 0x00000000f1f80000, 0x0000000100000000)
  eden space 201216K, 0% used [0x00000000e0000000,0x00000000e0000000,0x00000000ec480000)
  from space 29696K, 78% used [0x00000000ec480000,0x00000000edb58238,0x00000000ee180000)
  to   space 31232K, 0% used [0x00000000f0100000,0x00000000f0100000,0x00000000f1f80000)
 ParOldGen       total 421376K, used 33537K [0x00000000a0000000, 0x00000000b9b80000, 0x00000000e0000000)
  object space 421376K, 7% used [0x00000000a0000000,0x00000000a20c06d0,0x00000000b9b80000)
 Metaspace       used 64305K, capacity 66484K, committed 66520K, reserved 1107968K
  class space    used 8423K, capacity 8936K, committed 8960K, reserved 1048576K
}
Event: 54.091 GC heap before
{Heap before GC invocations=13 (full 3):
 PSYoungGen      total 230912K, used 224608K [0x00000000e0000000, 0x00000000f1f80000, 0x0000000100000000)
  eden space 201216K, 100% used [0x00000000e0000000,0x00000000ec480000,0x00000000ec480000)
  from space 29696K, 78% used [0x00000000ec480000,0x00000000edb58238,0x00000000ee180000)
  to   space 31232K, 0% used [0x00000000f0100000,0x00000000f0100000,0x00000000f1f80000)
 ParOldGen       total 421376K, used 33537K [0x00000000a0000000, 0x00000000b9b80000, 0x00000000e0000000)
  object space 421376K, 7% used [0x00000000a0000000,0x00000000a20c06d0,0x00000000b9b80000)
 Metaspace       used 72195K, capacity 74380K, committed 74456K, reserved 1114112K
  class space    used 9214K, capacity 9714K, committed 9728K, reserved 1048576K
Event: 54.124 GC heap after
Heap after GC invocations=13 (full 3):
 PSYoungGen      total 253440K, used 31203K [0x00000000e0000000, 0x00000000f3b80000, 0x0000000100000000)
  eden space 222208K, 0% used [0x00000000e0000000,0x00000000e0000000,0x00000000ed900000)
  from space 31232K, 99% used [0x00000000f0100000,0x00000000f1f78c18,0x00000000f1f80000)
  to   space 40960K, 0% used [0x00000000ed900000,0x00000000ed900000,0x00000000f0100000)
 ParOldGen       total 421376K, used 50000K [0x00000000a0000000, 0x00000000b9b80000, 0x00000000e0000000)
  object space 421376K, 11% used [0x00000000a0000000,0x00000000a30d4250,0x00000000b9b80000)
 Metaspace       used 72195K, capacity 74380K, committed 74456K, reserved 1114112K
  class space    used 9214K, capacity 9714K, committed 9728K, reserved 1048576K
}
Event: 57.541 GC heap before
{Heap before GC invocations=14 (full 3):
 PSYoungGen      total 253440K, used 253411K [0x00000000e0000000, 0x00000000f3b80000, 0x0000000100000000)
  eden space 222208K, 100% used [0x00000000e0000000,0x00000000ed900000,0x00000000ed900000)
  from space 31232K, 99% used [0x00000000f0100000,0x00000000f1f78c18,0x00000000f1f80000)
  to   space 40960K, 0% used [0x00000000ed900000,0x00000000ed900000,0x00000000f0100000)
 ParOldGen       total 421376K, used 50000K [0x00000000a0000000, 0x00000000b9b80000, 0x00000000e0000000)
  object space 421376K, 11% used [0x00000000a0000000,0x00000000a30d4250,0x00000000b9b80000)
 Metaspace       used 74086K, capacity 76236K, committed 76376K, reserved 1116160K
  class space    used 9340K, capacity 9842K, committed 9856K, reserved 1048576K
Event: 57.577 GC heap after
Heap after GC invocations=14 (full 3):
 PSYoungGen      total 263168K, used 40945K [0x00000000e0000000, 0x00000000f7700000, 0x0000000100000000)
  eden space 222208K, 0% used [0x00000000e0000000,0x00000000e0000000,0x00000000ed900000)
  from space 40960K, 99% used [0x00000000ed900000,0x00000000f00fc7f8,0x00000000f0100000)
  to   space 56320K, 0% used [0x00000000f4000000,0x00000000f4000000,0x00000000f7700000)
 ParOldGen       total 421376K, used 76208K [0x00000000a0000000, 0x00000000b9b80000, 0x00000000e0000000)
  object space 421376K, 18% used [0x00000000a0000000,0x00000000a4a6c2d0,0x00000000b9b80000)
 Metaspace       used 74086K, capacity 76236K, committed 76376K, reserved 1116160K
  class space    used 9340K, capacity 9842K, committed 9856K, reserved 1048576K
}
Event: 61.613 GC heap before
{Heap before GC invocations=15 (full 3):
 PSYoungGen      total 263168K, used 262390K [0x00000000e0000000, 0x00000000f7700000, 0x0000000100000000)
  eden space 222208K, 99% used [0x00000000e0000000,0x00000000ed8410a8,0x00000000ed900000)
  from space 40960K, 99% used [0x00000000ed900000,0x00000000f00fc7f8,0x00000000f0100000)
  to   space 56320K, 0% used [0x00000000f4000000,0x00000000f4000000,0x00000000f7700000)
 ParOldGen       total 421376K, used 76208K [0x00000000a0000000, 0x00000000b9b80000, 0x00000000e0000000)
  object space 421376K, 18% used [0x00000000a0000000,0x00000000a4a6c2d0,0x00000000b9b80000)
 Metaspace       used 75751K, capacity 78058K, committed 78168K, reserved 1118208K
  class space    used 9536K, capacity 10057K, committed 10112K, reserved 1048576K

Deoptimization events (10 events):
Event: 61.409 Thread 0x000000001d6dd800 Uncommon trap: reason=class_check action=maybe_recompile pc=0x000000000359ab40 method=java.lang.Throwable.<init>(Ljava/lang/String;Ljava/lang/Throwable;)V @ 24
Event: 61.482 Thread 0x000000001d6dd800 Uncommon trap: reason=class_check action=maybe_recompile pc=0x00000000034923c8 method=com.android.apkzlib.zip.ZipField.checkVerifiesInvariants(J)V @ 25
Event: 61.503 Thread 0x000000001d6dd800 Uncommon trap: reason=class_check action=maybe_recompile pc=0x0000000003c9ca18 method=java.util.TreeSet.iterator()Ljava/util/Iterator; @ 4
Event: 61.504 Thread 0x000000001d6dd800 Uncommon trap: reason=class_check action=maybe_recompile pc=0x0000000002d77378 method=java.util.zip.InflaterInputStream.read([BII)I @ 100
Event: 61.505 Thread 0x000000001d6dd800 Uncommon trap: reason=class_check action=maybe_recompile pc=0x0000000003c9ca18 method=java.util.TreeSet.iterator()Ljava/util/Iterator; @ 4
Event: 61.505 Thread 0x000000001d6dd800 Uncommon trap: reason=class_check action=maybe_recompile pc=0x0000000002d77378 method=java.util.zip.InflaterInputStream.read([BII)I @ 100
Event: 61.505 Thread 0x000000001d6dd800 Uncommon trap: reason=class_check action=maybe_recompile pc=0x0000000003c9ca18 method=java.util.TreeSet.iterator()Ljava/util/Iterator; @ 4
Event: 61.505 Thread 0x000000001d6dd800 Uncommon trap: reason=class_check action=maybe_recompile pc=0x0000000002d77378 method=java.util.zip.InflaterInputStream.read([BII)I @ 100
Event: 61.506 Thread 0x000000001d6dd800 Uncommon trap: reason=class_check action=maybe_recompile pc=0x0000000003c9ca18 method=java.util.TreeSet.iterator()Ljava/util/Iterator; @ 4
Event: 61.506 Thread 0x000000001d6dd800 Uncommon trap: reason=class_check action=maybe_recompile pc=0x0000000002d77378 method=java.util.zip.InflaterInputStream.read([BII)I @ 100

Classes redefined (0 events):
No events

Internal exceptions (10 events):
Event: 44.538 Thread 0x000000001f0a6000 Implicit null exception at 0x0000000003cc522f to 0x0000000003cc5c60
Event: 52.138 Thread 0x000000001f0a6000 Implicit null exception at 0x00000000045adb58 to 0x00000000045adb8e
Event: 54.045 Thread 0x000000001f0a6000 Implicit null exception at 0x0000000003d22331 to 0x0000000003d226ed
Event: 54.047 Thread 0x000000001f0a6000 Implicit null exception at 0x00000000046cb2d3 to 0x00000000046cb31a
Event: 54.135 Thread 0x000000001f0a6000 Implicit null exception at 0x00000000044be61e to 0x00000000044bece5
Event: 56.125 Thread 0x000000001f0a6000 Implicit null exception at 0x0000000004fe7362 to 0x0000000004fe747f
Event: 61.294 Thread 0x000000001f0a6000 Exception <a 'sun/nio/fs/WindowsException'> (0x00000000e6eb44e0) thrown at [D:\src\AOSP-openjdk-cygwin\jdk8u\hotspot\src\share\vm\prims\jni.cpp, line 709]
Event: 61.357 Thread 0x000000001d6dd800 Exception <a 'java/lang/ClassNotFoundException': org/gradle/api/plugins/JavaPluginConventionBeanInfo> (0x00000000e7522d60) thrown at [D:\src\AOSP-openjdk-cygwin\jdk8u\hotspot\src\share\vm\classfile\systemDictionary.cpp, line 210]
Event: 61.357 Thread 0x000000001d6dd800 Exception <a 'java/lang/ClassNotFoundException': org/gradle/api/plugins/JavaPluginConventionCustomizer> (0x00000000e7559d88) thrown at [D:\src\AOSP-openjdk-cygwin\jdk8u\hotspot\src\share\vm\classfile\systemDictionary.cpp, line 210]
Event: 61.500 Thread 0x000000001d6dd800 Exception <a 'java/lang/NoSuchMethodError': java.lang.Object.lambda$or$2(Ljava/util/function/Predicate;Ljava/lang/Object;)Z> (0x00000000e7e2de90) thrown at [D:\src\AOSP-openjdk-cygwin\jdk8u\hotspot\src\share\vm\interpreter\linkResolver.cpp, line 584]

Events (10 events):
Event: 61.602 loading class com/android/apkzlib/zip/ExtraField$Segment done
Event: 61.603 loading class java/util/stream/ReduceOps$1
Event: 61.603 loading class java/util/stream/ReduceOps$1 done
Event: 61.603 loading class java/util/stream/ReduceOps$1ReducingSink
Event: 61.603 loading class java/util/stream/ReduceOps$1ReducingSink done
Event: 61.603 loading class java/util/stream/ReferencePipeline$11$1
Event: 61.603 loading class java/util/stream/ReferencePipeline$11$1 done
Event: 61.603 loading class com/android/apkzlib/zip/ExtraField$AlignmentSegment
Event: 61.603 loading class com/android/apkzlib/zip/ExtraField$AlignmentSegment done
Event: 61.613 Executing VM operation: ParallelGCFailedAllocation


Dynamic libraries:
0x00007ff6f14e0000 - 0x00007ff6f1511000 	C:\Program Files\Android\Android Studio\jre\bin\java.exe
0x00007ffcf4e90000 - 0x00007ffcf5071000 	C:\WINDOWS\SYSTEM32\ntdll.dll
0x00007ffcf4400000 - 0x00007ffcf44b2000 	C:\WINDOWS\System32\KERNEL32.DLL
0x00007ffcf1b70000 - 0x00007ffcf1de3000 	C:\WINDOWS\System32\KERNELBASE.dll
0x00007ffcf44f0000 - 0x00007ffcf4591000 	C:\WINDOWS\System32\ADVAPI32.dll
0x00007ffcf4160000 - 0x00007ffcf41fe000 	C:\WINDOWS\System32\msvcrt.dll
0x00007ffcf43a0000 - 0x00007ffcf43fb000 	C:\WINDOWS\System32\sechost.dll
0x00007ffcf4a00000 - 0x00007ffcf4b24000 	C:\WINDOWS\System32\RPCRT4.dll
0x00007ffcf39b0000 - 0x00007ffcf3b40000 	C:\WINDOWS\System32\USER32.dll
0x00007ffcf2300000 - 0x00007ffcf2320000 	C:\WINDOWS\System32\win32u.dll
0x00007ffcf4010000 - 0x00007ffcf4038000 	C:\WINDOWS\System32\GDI32.dll
0x00007ffcf1df0000 - 0x00007ffcf1f82000 	C:\WINDOWS\System32\gdi32full.dll
0x00007ffcf2010000 - 0x00007ffcf20af000 	C:\WINDOWS\System32\msvcp_win.dll
0x00007ffcf19c0000 - 0x00007ffcf1aba000 	C:\WINDOWS\System32\ucrtbase.dll
0x00007ffce2cb0000 - 0x00007ffce2f19000 	C:\WINDOWS\WinSxS\amd64_microsoft.windows.common-controls_6595b64144ccf1df_6.0.17134.112_none_fb3f961b30681c12\COMCTL32.dll
0x00007ffcf4b30000 - 0x00007ffcf4e53000 	C:\WINDOWS\System32\combase.dll
0x00007ffcf1f90000 - 0x00007ffcf200a000 	C:\WINDOWS\System32\bcryptPrimitives.dll
0x00007ffcf44c0000 - 0x00007ffcf44ed000 	C:\WINDOWS\System32\IMM32.DLL
0x0000000077120000 - 0x00000000771f2000 	C:\Program Files\Android\Android Studio\jre\jre\bin\msvcr100.dll
0x00000000766a0000 - 0x0000000076edf000 	C:\Program Files\Android\Android Studio\jre\jre\bin\server\jvm.dll
0x00007ffcf2380000 - 0x00007ffcf2388000 	C:\WINDOWS\System32\PSAPI.DLL
0x00007ffceaf20000 - 0x00007ffceaf2a000 	C:\WINDOWS\SYSTEM32\VERSION.dll
0x00007ffcee670000 - 0x00007ffcee693000 	C:\WINDOWS\SYSTEM32\WINMM.dll
0x00007ffcefe00000 - 0x00007ffcefe09000 	C:\WINDOWS\SYSTEM32\WSOCK32.dll
0x00007ffcf3c60000 - 0x00007ffcf3ccc000 	C:\WINDOWS\System32\WS2_32.dll
0x00007ffcee550000 - 0x00007ffcee57a000 	C:\WINDOWS\SYSTEM32\WINMMBASE.dll
0x00007ffcf1260000 - 0x00007ffcf12a9000 	C:\WINDOWS\System32\cfgmgr32.dll
0x00007ffcec980000 - 0x00007ffcec98f000 	C:\Program Files\Android\Android Studio\jre\jre\bin\verify.dll
0x00007ffce7700000 - 0x00007ffce7729000 	C:\Program Files\Android\Android Studio\jre\jre\bin\java.dll
0x00007ffcebb30000 - 0x00007ffcebb46000 	C:\Program Files\Android\Android Studio\jre\jre\bin\zip.dll
0x00007ffcf24a0000 - 0x00007ffcf38e0000 	C:\WINDOWS\System32\SHELL32.dll
0x00007ffcf3b40000 - 0x00007ffcf3be9000 	C:\WINDOWS\System32\shcore.dll
0x00007ffcf12b0000 - 0x00007ffcf19bd000 	C:\WINDOWS\System32\windows.storage.dll
0x00007ffcf2320000 - 0x00007ffcf2371000 	C:\WINDOWS\System32\shlwapi.dll
0x00007ffcf1240000 - 0x00007ffcf1251000 	C:\WINDOWS\System32\kernel.appcore.dll
0x00007ffcf11b0000 - 0x00007ffcf11cf000 	C:\WINDOWS\System32\profapi.dll
0x00007ffcf11d0000 - 0x00007ffcf121c000 	C:\WINDOWS\System32\powrprof.dll
0x00007ffcf11a0000 - 0x00007ffcf11aa000 	C:\WINDOWS\System32\FLTLIB.DLL
0x00007ffce76e0000 - 0x00007ffce76fa000 	C:\Program Files\Android\Android Studio\jre\jre\bin\net.dll
0x00007ffcf0a20000 - 0x00007ffcf0a86000 	C:\WINDOWS\system32\mswsock.dll
0x00007ffce76c0000 - 0x00007ffce76d1000 	C:\Program Files\Android\Android Studio\jre\jre\bin\nio.dll
0x00007ffcec7f0000 - 0x00007ffcec80e000 	C:\Users\pmars\.gradle\native\25\windows-amd64\native-platform.dll
0x00007ffcec970000 - 0x00007ffcec97d000 	C:\Program Files\Android\Android Studio\jre\jre\bin\management.dll
0x00007ffcf0bd0000 - 0x00007ffcf0be7000 	C:\WINDOWS\SYSTEM32\CRYPTSP.dll
0x00007ffcf0600000 - 0x00007ffcf0633000 	C:\WINDOWS\system32\rsaenh.dll
0x00007ffcf0d00000 - 0x00007ffcf0d25000 	C:\WINDOWS\SYSTEM32\bcrypt.dll
0x00007ffcf10a0000 - 0x00007ffcf10c8000 	C:\WINDOWS\SYSTEM32\USERENV.dll
0x00007ffcf0bf0000 - 0x00007ffcf0bfb000 	C:\WINDOWS\SYSTEM32\CRYPTBASE.dll
0x00007ffcf07a0000 - 0x00007ffcf07d8000 	C:\WINDOWS\SYSTEM32\IPHLPAPI.DLL
0x00007ffcf45a0000 - 0x00007ffcf45a8000 	C:\WINDOWS\System32\NSI.dll
0x00007ffcea280000 - 0x00007ffcea296000 	C:\WINDOWS\SYSTEM32\dhcpcsvc6.DLL
0x00007ffcea1d0000 - 0x00007ffcea1ea000 	C:\WINDOWS\SYSTEM32\dhcpcsvc.DLL
0x000000006adc0000 - 0x000000006aeb2000 	C:\Users\pmars\AppData\Local\Temp\room-608499ab-79f2-498f-84b6-9fe7fde50ec3\sqlite-3.20.1-89bbc459-135b-4195-8a33-ba6f90029b9f-sqlitejdbc.dll
0x00007ffcefbb0000 - 0x00007ffcefd79000 	C:\WINDOWS\SYSTEM32\dbghelp.dll

VM Arguments:
jvm_args: -Xmx1536m -Dfile.encoding=windows-1252 -Duser.country=US -Duser.language=en -Duser.variant 
java_command: org.gradle.launcher.daemon.bootstrap.GradleDaemon 4.4
java_class_path (initial): C:\Users\pmars\.gradle\wrapper\dists\gradle-4.4-all\9br9xq1tocpiv8o6njlyu5op1\gradle-4.4\lib\gradle-launcher-4.4.jar
Launcher Type: SUN_STANDARD

Environment Variables:
JAVA_HOME=C:\Program Files\Java\jdk1.8.0_171\
PATH=C:\Program Files (x86)\Common Files\Oracle\Java\javapath;C:\Windows\system32;C:\Windows;C:\Windows\System32\Wbem;C:\Windows\System32\WindowsPowerShell\v1.0\;C:\Program Files (x86)\NVIDIA Corporation\PhysX\Common;C:\WINDOWS\system32;C:\WINDOWS;C:\WINDOWS\System32\Wbem;C:\WINDOWS\System32\WindowsPowerShell\v1.0\;C:\WINDOWS\System32\OpenSSH\;C:\Users\pmars\AppData\Local\Microsoft\WindowsApps;
USERNAME=pmars
OS=Windows_NT
PROCESSOR_IDENTIFIER=Intel64 Family 6 Model 94 Stepping 3, GenuineIntel



---------------  S Y S T E M  ---------------

OS: Windows 10.0 , 64 bit Build 17134 (10.0.17134.1)

CPU:total 8 (initial active 8) (4 cores per cpu, 2 threads per core) family 6 model 94 stepping 3, cmov, cx8, fxsr, mmx, sse, sse2, sse3, ssse3, sse4.1, sse4.2, popcnt, avx, avx2, aes, clmul, erms, rtm, 3dnowpref, lzcnt, ht, tsc, tscinvbit, bmi1, bmi2, adx

Memory: 4k page, physical 24564256k(17846048k free), swap 28234272k(19936856k free)

vm_info: OpenJDK 64-Bit Server VM (25.152-b02) for windows-amd64 JRE (1.8.0_152-release-1024-b02), built by "builder" with MS VC++ 10.0 (VS2010)

time: Wed Jul 04 11:28:36 2018
elapsed time: 61 seconds (0d 0h 1m 1s)

